2022-06-20T14:43:29.359+0530	INFO	config/module.go:67	intializing config reader...
2022-06-20T14:43:29.372+0530	INFO	config/module.go:69	adding config path ./resources

2022-06-20T14:43:29.372+0530	INFO	config/module.go:69	adding config path ../resources

2022-06-20T14:43:29.373+0530	INFO	config/module.go:69	adding config path .

2022-06-20T14:43:29.373+0530	INFO	config/module.go:78	started config successfully...
2022-06-20T14:43:29.373+0530	INFO	model/module.go:18	initializing catalog...postgres

2022-06-20T14:43:29.373+0530	INFO	model/module.go:30	port=5432 user=postgres password=postgres dbname=postgres sslmode=disable
2022-06-20T14:43:29.374+0530	INFO	model/module.go:37	DB Initialized <nil>
2022-06-20T14:43:29.374+0530	INFO	config/module.go:51	is key set true

2022-06-20T14:43:29.374+0530	INFO	config/module.go:53	found key server.port value 8080

2022-06-20T14:43:29.374+0530	INFO	config/module.go:51	is key set false

2022-06-20T14:43:29.374+0530	INFO	config/module.go:51	is key set false

2022-06-20T14:43:29.374+0530	INFO	config/module.go:51	is key set false

2022-06-20T14:43:29.374+0530	INFO	server/module.go:40	starting catalog amazon server at 8080....

2022-06-20T14:44:36.732+0530	INFO	server/module.go:57	stopping the server
2022-06-20T14:44:39.342+0530	INFO	config/module.go:67	intializing config reader...
2022-06-20T14:44:39.343+0530	INFO	config/module.go:69	adding config path ./resources

2022-06-20T14:44:39.343+0530	INFO	config/module.go:69	adding config path ../resources

2022-06-20T14:44:39.343+0530	INFO	config/module.go:69	adding config path .

2022-06-20T14:44:39.344+0530	INFO	config/module.go:78	started config successfully...
2022-06-20T14:44:39.344+0530	INFO	model/module.go:18	initializing catalog...postgres

2022-06-20T14:44:39.344+0530	INFO	model/module.go:30	port=5432 user=postgres password=postgres dbname=postgres sslmode=disable
2022-06-20T14:46:32.495+0530	INFO	config/module.go:67	intializing config reader...
2022-06-20T14:46:32.496+0530	INFO	config/module.go:69	adding config path ./resources

2022-06-20T14:46:32.496+0530	INFO	config/module.go:69	adding config path ../resources

2022-06-20T14:46:32.496+0530	INFO	config/module.go:69	adding config path .

2022-06-20T14:46:32.497+0530	INFO	config/module.go:78	started config successfully...
2022-06-20T14:46:32.497+0530	INFO	model/module.go:18	initializing catalog...postgres

2022-06-20T14:46:32.497+0530	INFO	model/module.go:30	port=5432 user=postgres password=postgres dbname=postgres sslmode=disable
2022-06-20T14:47:18.638+0530	INFO	config/module.go:67	intializing config reader...
2022-06-20T14:47:18.640+0530	INFO	config/module.go:69	adding config path ./resources

2022-06-20T14:47:18.640+0530	INFO	config/module.go:69	adding config path ../resources

2022-06-20T14:47:18.640+0530	INFO	config/module.go:69	adding config path .

2022-06-20T14:47:18.640+0530	INFO	config/module.go:78	started config successfully...
2022-06-20T14:47:18.640+0530	INFO	model/module.go:18	initializing catalog...postgres

2022-06-20T14:47:18.640+0530	INFO	model/module.go:30	port=5432 user=postgres password=postgres dbname=postgres sslmode=disable
2022-06-20T14:47:18.640+0530	INFO	model/module.go:38	DB Initialized &{0 {port=5432 user=postgres password=postgres dbname=postgres sslmode=disable 0x1252838} 0 {0 0} [] map[] 0 0 0xc0000687e0 false map[] map[] 0 0 0 0 <nil> 0 0 0 0 0xa1dc80}
2022-06-20T14:47:18.641+0530	INFO	config/module.go:51	is key set true

2022-06-20T14:47:18.641+0530	INFO	config/module.go:53	found key server.port value 8080

2022-06-20T14:47:18.641+0530	INFO	config/module.go:51	is key set false

2022-06-20T14:47:18.641+0530	INFO	config/module.go:51	is key set false

2022-06-20T14:47:18.641+0530	INFO	config/module.go:51	is key set false

2022-06-20T14:47:18.641+0530	INFO	server/module.go:40	starting catalog amazon server at 8080....

2022-06-20T14:47:29.626+0530	INFO	server/module.go:57	stopping the server
2022-06-20T14:47:40.668+0530	INFO	config/module.go:67	intializing config reader...
2022-06-20T14:47:40.669+0530	INFO	config/module.go:69	adding config path ./resources

2022-06-20T14:47:40.669+0530	INFO	config/module.go:69	adding config path ../resources

2022-06-20T14:47:40.669+0530	INFO	config/module.go:69	adding config path .

2022-06-20T14:47:40.670+0530	INFO	config/module.go:78	started config successfully...
2022-06-20T14:47:40.670+0530	INFO	model/module.go:18	initializing catalog...postgres

2022-06-20T14:47:40.670+0530	INFO	model/module.go:30	port=5432 user=postgres password=postgres dbname=postgres sslmode=disable
2022-06-20T14:47:40.670+0530	INFO	model/module.go:38	DB Initialized &{0 {port=5432 user=postgres password=postgres dbname=postgres sslmode=disable 0x1202838} 0 {0 0} [] map[] 0 0 0xc000280540 false map[] map[] 0 0 0 0 <nil> 0 0 0 0 0x9cdc80}
2022-06-20T14:47:40.670+0530	INFO	config/module.go:51	is key set true

2022-06-20T14:47:40.670+0530	INFO	config/module.go:53	found key server.port value 8080

2022-06-20T14:47:40.670+0530	INFO	config/module.go:51	is key set false

2022-06-20T14:47:40.670+0530	INFO	config/module.go:51	is key set false

2022-06-20T14:47:40.670+0530	INFO	config/module.go:51	is key set false

2022-06-20T14:47:40.670+0530	INFO	server/module.go:40	starting catalog amazon server at 8080....

2022-06-20T14:47:46.796+0530	INFO	handler/module.go:30	recvd request for GetProduct
2022-06-20T14:47:46.796+0530	INFO	model/db.go:26	query db for product 1

2022-06-20T14:47:46.847+0530	INFO	handler/module.go:41	sent the success response....
2022-06-20T14:48:47.367+0530	INFO	server/module.go:57	stopping the server
2022-06-20T14:48:50.125+0530	INFO	config/module.go:67	intializing config reader...
2022-06-20T14:48:50.126+0530	INFO	config/module.go:69	adding config path ./resources

2022-06-20T14:48:50.126+0530	INFO	config/module.go:69	adding config path ../resources

2022-06-20T14:48:50.126+0530	INFO	config/module.go:69	adding config path .

2022-06-20T14:48:50.127+0530	INFO	config/module.go:78	started config successfully...
2022-06-20T14:48:50.127+0530	INFO	model/module.go:18	initializing catalog...postgres

2022-06-20T14:48:50.127+0530	INFO	model/module.go:30	port=5432 user=postgres password=postgres dbname=postgres sslmode=disable
2022-06-20T14:48:50.127+0530	INFO	model/module.go:38	DB Initialized &{0 {port=5432 user=postgres password=postgres dbname=postgres sslmode=disable 0xea2838} 0 {0 0} [] map[] 0 0 0xc0000687e0 false map[] map[] 0 0 0 0 <nil> 0 0 0 0 0x66dc80}
2022-06-20T14:48:50.128+0530	INFO	config/module.go:51	is key set true

2022-06-20T14:48:50.128+0530	INFO	config/module.go:53	found key server.port value 8080

2022-06-20T14:48:50.128+0530	INFO	config/module.go:51	is key set false

2022-06-20T14:48:50.128+0530	INFO	config/module.go:51	is key set false

2022-06-20T14:48:50.128+0530	INFO	config/module.go:51	is key set false

2022-06-20T14:48:50.128+0530	INFO	server/module.go:40	starting catalog amazon server at 8080....

2022-06-20T14:48:55.736+0530	INFO	handler/module.go:30	recvd request for GetProduct
2022-06-20T14:48:55.736+0530	INFO	model/db.go:26	query db for product 1

2022-06-20T14:48:55.887+0530	INFO	handler/module.go:41	sent the success response....
2022-06-20T14:48:59.669+0530	INFO	handler/module.go:30	recvd request for GetProduct
2022-06-20T14:48:59.672+0530	INFO	model/db.go:26	query db for product 1

2022-06-20T14:48:59.673+0530	INFO	handler/module.go:41	sent the success response....
2022-06-20T14:49:22.963+0530	INFO	server/module.go:57	stopping the server
2022-06-20T14:49:25.249+0530	INFO	config/module.go:67	intializing config reader...
2022-06-20T14:49:25.250+0530	INFO	config/module.go:69	adding config path ./resources

2022-06-20T14:49:25.251+0530	INFO	config/module.go:69	adding config path ../resources

2022-06-20T14:49:25.251+0530	INFO	config/module.go:69	adding config path .

2022-06-20T14:49:25.251+0530	INFO	config/module.go:78	started config successfully...
2022-06-20T14:49:25.251+0530	INFO	model/module.go:18	initializing catalog...postgres

2022-06-20T14:49:25.251+0530	INFO	model/module.go:30	port=5432 user=postgres password=postgres dbname=postgres sslmode=disable
2022-06-20T14:49:25.251+0530	INFO	model/module.go:38	DB Initialized &{0 {port=5432 user=postgres password=postgres dbname=postgres sslmode=disable 0x1442838} 0 {0 0} [] map[] 0 0 0xc000280540 false map[] map[] 0 0 0 0 <nil> 0 0 0 0 0xc0dc80}
2022-06-20T14:49:25.252+0530	INFO	config/module.go:51	is key set true

2022-06-20T14:49:25.252+0530	INFO	config/module.go:53	found key server.port value 8080

2022-06-20T14:49:25.252+0530	INFO	config/module.go:51	is key set false

2022-06-20T14:49:25.252+0530	INFO	config/module.go:51	is key set false

2022-06-20T14:49:25.252+0530	INFO	config/module.go:51	is key set false

2022-06-20T14:49:25.252+0530	INFO	server/module.go:40	starting catalog amazon server at 8080....

2022-06-20T14:49:28.490+0530	INFO	handler/module.go:30	recvd request for GetProduct
2022-06-20T14:49:28.490+0530	INFO	model/db.go:26	query db for product 1

2022-06-20T14:49:28.530+0530	INFO	handler/module.go:41	sent the success response....
2022-06-20T14:51:50.104+0530	INFO	server/module.go:57	stopping the server
2022-06-20T14:51:52.528+0530	INFO	config/module.go:67	intializing config reader...
2022-06-20T14:51:52.529+0530	INFO	config/module.go:69	adding config path ./resources

2022-06-20T14:51:52.529+0530	INFO	config/module.go:69	adding config path ../resources

2022-06-20T14:51:52.529+0530	INFO	config/module.go:69	adding config path .

2022-06-20T14:51:52.530+0530	INFO	config/module.go:78	started config successfully...
2022-06-20T14:51:52.530+0530	INFO	model/module.go:18	initializing catalog...postgres

2022-06-20T14:51:52.530+0530	INFO	model/module.go:30	port=5432 user=postgres password=postgres dbname=postgres sslmode=disable
2022-06-20T14:51:52.530+0530	INFO	model/module.go:38	DB Initialized &{0 {port=5432 user=postgres password=postgres dbname=postgres sslmode=disable 0x16f2838} 0 {0 0} [] map[] 0 0 0xc000280540 false map[] map[] 0 0 0 0 <nil> 0 0 0 0 0xebdc80}
2022-06-20T14:51:52.531+0530	INFO	config/module.go:51	is key set true

2022-06-20T14:51:52.531+0530	INFO	config/module.go:53	found key server.port value 8080

2022-06-20T14:51:52.531+0530	INFO	config/module.go:51	is key set false

2022-06-20T14:51:52.531+0530	INFO	config/module.go:51	is key set false

2022-06-20T14:51:52.531+0530	INFO	config/module.go:51	is key set false

2022-06-20T14:51:52.531+0530	INFO	server/module.go:40	starting catalog amazon server at 8080....

2022-06-20T14:51:56.545+0530	INFO	handler/module.go:30	recvd request for GetProduct
2022-06-20T14:51:56.545+0530	INFO	model/db.go:26	query db for product 1

2022-06-20T14:51:56.589+0530	INFO	handler/module.go:41	sent the success response....
2022-06-20T14:52:42.242+0530	INFO	server/module.go:57	stopping the server
2022-06-20T14:52:44.805+0530	INFO	config/module.go:67	intializing config reader...
2022-06-20T14:52:44.806+0530	INFO	config/module.go:69	adding config path ./resources

2022-06-20T14:52:44.807+0530	INFO	config/module.go:69	adding config path ../resources

2022-06-20T14:52:44.807+0530	INFO	config/module.go:69	adding config path .

2022-06-20T14:52:44.807+0530	INFO	config/module.go:78	started config successfully...
2022-06-20T14:52:44.807+0530	INFO	model/module.go:18	initializing catalog...postgres

2022-06-20T14:52:44.807+0530	INFO	model/module.go:30	port=5432 user=postgres password=postgres dbname=postgres sslmode=disable
2022-06-20T14:52:44.807+0530	INFO	model/module.go:38	DB Initialized &{0 {port=5432 user=postgres password=postgres dbname=postgres sslmode=disable 0x18a2838} 0 {0 0} [] map[] 0 0 0xc000280540 false map[] map[] 0 0 0 0 <nil> 0 0 0 0 0x106dc80}
2022-06-20T14:52:44.808+0530	INFO	config/module.go:51	is key set true

2022-06-20T14:52:44.808+0530	INFO	config/module.go:53	found key server.port value 8080

2022-06-20T14:52:44.808+0530	INFO	config/module.go:51	is key set false

2022-06-20T14:52:44.808+0530	INFO	config/module.go:51	is key set false

2022-06-20T14:52:44.808+0530	INFO	config/module.go:51	is key set false

2022-06-20T14:52:44.808+0530	INFO	server/module.go:40	starting catalog amazon server at 8080....

2022-06-20T14:52:47.627+0530	INFO	handler/module.go:30	recvd request for GetProduct
2022-06-20T14:52:47.627+0530	INFO	model/db.go:26	query db for product 1

2022-06-20T14:52:47.774+0530	INFO	handler/module.go:41	sent the success response....
2022-06-20T14:54:14.446+0530	INFO	server/module.go:57	stopping the server
2022-06-20T14:54:36.509+0530	INFO	config/module.go:67	intializing config reader...
2022-06-20T14:54:36.510+0530	INFO	config/module.go:69	adding config path ./resources

2022-06-20T14:54:36.510+0530	INFO	config/module.go:69	adding config path ../resources

2022-06-20T14:54:36.510+0530	INFO	config/module.go:69	adding config path .

2022-06-20T14:54:36.511+0530	INFO	config/module.go:78	started config successfully...
2022-06-20T14:54:36.511+0530	INFO	model/module.go:18	initializing catalog...postgres

2022-06-20T14:54:36.511+0530	INFO	model/module.go:30	port=5432 user=postgres password=postgres dbname=postgres sslmode=disable
2022-06-20T14:54:36.511+0530	INFO	model/module.go:38	DB Initialized &{0 {port=5432 user=postgres password=postgres dbname=postgres sslmode=disable 0x1662838} 0 {0 0} [] map[] 0 0 0xc000280540 false map[] map[] 0 0 0 0 <nil> 0 0 0 0 0xe2dc80}
2022-06-20T14:54:36.511+0530	INFO	config/module.go:51	is key set true

2022-06-20T14:54:36.511+0530	INFO	config/module.go:53	found key server.port value 8080

2022-06-20T14:54:36.511+0530	INFO	config/module.go:51	is key set false

2022-06-20T14:54:36.511+0530	INFO	config/module.go:51	is key set false

2022-06-20T14:54:36.511+0530	INFO	config/module.go:51	is key set false

2022-06-20T14:54:36.511+0530	INFO	server/module.go:40	starting catalog amazon server at 8080....

2022-06-20T14:54:41.723+0530	INFO	handler/module.go:30	recvd request for GetProduct
2022-06-20T14:54:41.723+0530	INFO	model/db.go:26	query db for product 1

2022-06-20T14:54:41.768+0530	INFO	model/db.go:29	product name 

2022-06-20T14:54:41.768+0530	ERROR	logger/module.go:111	Ignored key without a value.	{"ignored": [0,{}]}
2022-06-20T14:54:41.768+0530	ERROR	model/db.go:30	error
2022-06-20T14:54:41.768+0530	INFO	handler/module.go:41	sent the success response....
2022-06-20T14:56:12.075+0530	INFO	server/module.go:57	stopping the server
2022-06-20T14:57:15.042+0530	INFO	config/module.go:67	intializing config reader...
2022-06-20T14:57:15.044+0530	INFO	config/module.go:69	adding config path ./resources

2022-06-20T14:57:15.044+0530	INFO	config/module.go:69	adding config path ../resources

2022-06-20T14:57:15.044+0530	INFO	config/module.go:69	adding config path .

2022-06-20T14:57:15.044+0530	INFO	config/module.go:78	started config successfully...
2022-06-20T14:57:15.045+0530	INFO	model/module.go:18	initializing catalog...postgres

2022-06-20T14:57:15.045+0530	INFO	model/module.go:30	port=5432 user=postgres password=postgres dbname=postgres sslmode=disable
2022-06-20T14:57:15.045+0530	INFO	model/module.go:38	DB Initialized &{0 {port=5432 user=postgres password=postgres dbname=postgres sslmode=disable 0x11248f8} 0 {0 0} [] map[] 0 0 0xc0000687e0 false map[] map[] 0 0 0 0 <nil> 0 0 0 0 0x8ede80}
2022-06-20T14:57:15.045+0530	INFO	config/module.go:51	is key set true

2022-06-20T14:57:15.045+0530	INFO	config/module.go:53	found key server.port value 8080

2022-06-20T14:57:15.045+0530	INFO	config/module.go:51	is key set false

2022-06-20T14:57:15.045+0530	INFO	config/module.go:51	is key set false

2022-06-20T14:57:15.045+0530	INFO	config/module.go:51	is key set false

2022-06-20T14:57:15.045+0530	INFO	server/module.go:40	starting catalog amazon server at 8080....

2022-06-20T14:57:22.026+0530	INFO	handler/module.go:30	recvd request for GetProduct
2022-06-20T14:57:22.026+0530	INFO	model/db.go:27	query db for product 1

2022-06-20T14:57:22.065+0530	INFO	model/db.go:30	product name 

2022-06-20T14:57:23.115+0530	INFO	handler/module.go:30	recvd request for GetProduct
2022-06-20T14:57:23.115+0530	INFO	model/db.go:27	query db for product 1

2022-06-20T14:57:23.116+0530	INFO	model/db.go:30	product name 

2022-06-20T14:57:23.118+0530	INFO	handler/module.go:30	recvd request for GetProduct
2022-06-20T14:57:23.118+0530	INFO	model/db.go:27	query db for product 1

2022-06-20T14:57:23.119+0530	INFO	model/db.go:30	product name 

2022-06-20T14:57:23.121+0530	INFO	handler/module.go:30	recvd request for GetProduct
2022-06-20T14:57:23.121+0530	INFO	model/db.go:27	query db for product 1

2022-06-20T14:57:23.122+0530	INFO	model/db.go:30	product name 

2022-06-20T14:57:28.154+0530	INFO	handler/module.go:30	recvd request for GetProduct
2022-06-20T14:57:28.154+0530	INFO	model/db.go:27	query db for product 1

2022-06-20T14:57:28.155+0530	INFO	model/db.go:30	product name 

2022-06-20T14:57:28.156+0530	INFO	handler/module.go:30	recvd request for GetProduct
2022-06-20T14:57:28.156+0530	INFO	model/db.go:27	query db for product 1

2022-06-20T14:57:28.156+0530	INFO	model/db.go:30	product name 

2022-06-20T14:57:28.162+0530	INFO	handler/module.go:30	recvd request for GetProduct
2022-06-20T14:57:28.162+0530	INFO	model/db.go:27	query db for product 1

2022-06-20T14:57:28.162+0530	INFO	model/db.go:30	product name 

2022-06-20T14:57:58.193+0530	INFO	handler/module.go:30	recvd request for GetProduct
2022-06-20T14:57:58.193+0530	INFO	model/db.go:27	query db for product 1

2022-06-20T14:57:58.193+0530	INFO	model/db.go:30	product name 

2022-06-20T15:06:54.390+0530	INFO	server/module.go:57	stopping the server
2022-06-20T15:06:56.776+0530	INFO	config/module.go:67	intializing config reader...
2022-06-20T15:06:56.778+0530	INFO	config/module.go:69	adding config path ./resources

2022-06-20T15:06:56.778+0530	INFO	config/module.go:69	adding config path ../resources

2022-06-20T15:06:56.778+0530	INFO	config/module.go:69	adding config path .

2022-06-20T15:06:56.778+0530	INFO	config/module.go:78	started config successfully...
2022-06-20T15:06:56.779+0530	INFO	model/module.go:18	initializing catalog...postgres

2022-06-20T15:06:56.779+0530	INFO	model/module.go:30	port=5432 user=postgres password=postgres dbname=postgres sslmode=disable
2022-06-20T15:06:56.779+0530	INFO	model/module.go:38	DB Initialized &{0 {port=5432 user=postgres password=postgres dbname=postgres sslmode=disable 0x1502838} 0 {0 0} [] map[] 0 0 0xc000280540 false map[] map[] 0 0 0 0 <nil> 0 0 0 0 0xccdc80}
2022-06-20T15:06:56.779+0530	INFO	config/module.go:51	is key set true

2022-06-20T15:06:56.779+0530	INFO	config/module.go:53	found key server.port value 8080

2022-06-20T15:06:56.779+0530	INFO	config/module.go:51	is key set false

2022-06-20T15:06:56.779+0530	INFO	config/module.go:51	is key set false

2022-06-20T15:06:56.779+0530	INFO	config/module.go:51	is key set false

2022-06-20T15:06:56.779+0530	INFO	server/module.go:40	starting catalog amazon server at 8080....

2022-06-20T15:07:01.706+0530	INFO	handler/module.go:30	recvd request for GetProduct
2022-06-20T15:07:01.706+0530	INFO	model/db.go:27	query db for product 1

2022-06-20T15:07:01.749+0530	INFO	model/db.go:34	product name 

2022-06-20T15:07:01.750+0530	INFO	handler/module.go:41	sent the success response....
2022-06-20T15:08:05.896+0530	INFO	server/module.go:57	stopping the server
2022-06-20T15:08:08.464+0530	INFO	config/module.go:67	intializing config reader...
2022-06-20T15:08:08.465+0530	INFO	config/module.go:69	adding config path ./resources

2022-06-20T15:08:08.465+0530	INFO	config/module.go:69	adding config path ../resources

2022-06-20T15:08:08.465+0530	INFO	config/module.go:69	adding config path .

2022-06-20T15:08:08.466+0530	INFO	config/module.go:78	started config successfully...
2022-06-20T15:08:08.466+0530	INFO	model/module.go:18	initializing catalog...postgres

2022-06-20T15:08:08.466+0530	INFO	model/module.go:30	port=5432 user=postgres password=postgres dbname=postgres sslmode=disable
2022-06-20T15:08:08.466+0530	INFO	model/module.go:38	DB Initialized &{0 {port=5432 user=postgres password=postgres dbname=postgres sslmode=disable 0xf12838} 0 {0 0} [] map[] 0 0 0xc000280540 false map[] map[] 0 0 0 0 <nil> 0 0 0 0 0x6ddc80}
2022-06-20T15:08:08.466+0530	INFO	config/module.go:51	is key set true

2022-06-20T15:08:08.466+0530	INFO	config/module.go:53	found key server.port value 8080

2022-06-20T15:08:08.466+0530	INFO	config/module.go:51	is key set false

2022-06-20T15:08:08.466+0530	INFO	config/module.go:51	is key set false

2022-06-20T15:08:08.466+0530	INFO	config/module.go:51	is key set false

2022-06-20T15:08:08.467+0530	INFO	server/module.go:40	starting catalog amazon server at 8080....

2022-06-20T15:08:12.249+0530	INFO	handler/module.go:30	recvd request for GetProduct
2022-06-20T15:08:12.250+0530	INFO	model/db.go:27	query db for product 1

2022-06-20T15:08:12.289+0530	INFO	model/db.go:32	reading record...
2022-06-20T15:08:12.290+0530	INFO	model/db.go:35	product name 

2022-06-20T15:08:12.290+0530	INFO	handler/module.go:41	sent the success response....
2022-06-20T15:10:17.961+0530	INFO	server/module.go:57	stopping the server
2022-06-20T15:10:20.417+0530	INFO	config/module.go:67	intializing config reader...
2022-06-20T15:10:20.418+0530	INFO	config/module.go:69	adding config path ./resources

2022-06-20T15:10:20.418+0530	INFO	config/module.go:69	adding config path ../resources

2022-06-20T15:10:20.418+0530	INFO	config/module.go:69	adding config path .

2022-06-20T15:10:20.419+0530	INFO	config/module.go:78	started config successfully...
2022-06-20T15:10:20.419+0530	INFO	model/module.go:18	initializing catalog...postgres

2022-06-20T15:10:20.419+0530	INFO	model/module.go:30	port=5432 user=postgres password=postgres dbname=postgres sslmode=disable
2022-06-20T15:10:20.419+0530	INFO	model/module.go:38	DB Initialized &{0 {port=5432 user=postgres password=postgres dbname=postgres sslmode=disable 0xb52838} 0 {0 0} [] map[] 0 0 0xc000280540 false map[] map[] 0 0 0 0 <nil> 0 0 0 0 0x31dc80}
2022-06-20T15:10:20.420+0530	INFO	config/module.go:51	is key set true

2022-06-20T15:10:20.420+0530	INFO	config/module.go:53	found key server.port value 8080

2022-06-20T15:10:20.420+0530	INFO	config/module.go:51	is key set false

2022-06-20T15:10:20.420+0530	INFO	config/module.go:51	is key set false

2022-06-20T15:10:20.420+0530	INFO	config/module.go:51	is key set false

2022-06-20T15:10:20.420+0530	INFO	server/module.go:40	starting catalog amazon server at 8080....

2022-06-20T15:10:25.057+0530	INFO	handler/module.go:30	recvd request for GetProduct
2022-06-20T15:10:25.057+0530	INFO	model/db.go:27	query db for product 1

2022-06-20T15:10:25.100+0530	INFO	model/db.go:32	reading record...
2022-06-20T15:10:25.100+0530	INFO	model/db.go:35	product name apple

2022-06-20T15:10:25.100+0530	INFO	handler/module.go:41	sent the success response....
2022-06-20T15:24:39.769+0530	INFO	server/module.go:57	stopping the server
2022-06-20T15:26:09.983+0530	INFO	config/module.go:67	intializing config reader...
2022-06-20T15:26:09.984+0530	INFO	config/module.go:69	adding config path ./resources

2022-06-20T15:26:09.984+0530	INFO	config/module.go:69	adding config path ../resources

2022-06-20T15:26:09.984+0530	INFO	config/module.go:69	adding config path .

2022-06-20T15:26:09.985+0530	INFO	config/module.go:78	started config successfully...
2022-06-20T15:26:09.985+0530	INFO	model/module.go:18	initializing catalog...postgres

2022-06-20T15:26:09.985+0530	INFO	model/module.go:30	port=5432 user=postgres password=postgres dbname=postgres sslmode=disable
2022-06-20T15:26:09.985+0530	INFO	model/module.go:38	DB Initialized &{0 {port=5432 user=postgres password=postgres dbname=postgres sslmode=disable 0x1462838} 0 {0 0} [] map[] 0 0 0xc000200540 false map[] map[] 0 0 0 0 <nil> 0 0 0 0 0xc2dc80}
2022-06-20T15:26:09.986+0530	INFO	config/module.go:51	is key set true

2022-06-20T15:26:09.986+0530	INFO	config/module.go:53	found key server.port value 8080

2022-06-20T15:26:09.986+0530	INFO	config/module.go:51	is key set false

2022-06-20T15:26:09.986+0530	INFO	config/module.go:51	is key set false

2022-06-20T15:26:09.986+0530	INFO	config/module.go:51	is key set false

2022-06-20T15:26:09.986+0530	INFO	server/module.go:40	starting catalog amazon server at 8080....

2022-06-20T15:28:01.704+0530	INFO	server/module.go:57	stopping the server
2022-06-20T15:28:04.277+0530	INFO	config/module.go:67	intializing config reader...
2022-06-20T15:28:04.279+0530	INFO	config/module.go:69	adding config path ./resources

2022-06-20T15:28:04.279+0530	INFO	config/module.go:69	adding config path ../resources

2022-06-20T15:28:04.279+0530	INFO	config/module.go:69	adding config path .

2022-06-20T15:28:04.280+0530	INFO	config/module.go:78	started config successfully...
2022-06-20T15:28:04.280+0530	INFO	model/module.go:18	initializing catalog...postgres

2022-06-20T15:28:04.280+0530	INFO	model/module.go:30	port=5432 user=postgres password=postgres dbname=postgres sslmode=disable
2022-06-20T15:28:04.280+0530	INFO	model/module.go:38	DB Initialized &{0 {port=5432 user=postgres password=postgres dbname=postgres sslmode=disable 0x1702838} 0 {0 0} [] map[] 0 0 0xc000280540 false map[] map[] 0 0 0 0 <nil> 0 0 0 0 0xecdc80}
2022-06-20T15:28:04.281+0530	INFO	config/module.go:51	is key set true

2022-06-20T15:28:04.281+0530	INFO	config/module.go:53	found key server.port value 8080

2022-06-20T15:28:04.281+0530	INFO	config/module.go:51	is key set false

2022-06-20T15:28:04.281+0530	INFO	config/module.go:51	is key set false

2022-06-20T15:28:04.281+0530	INFO	config/module.go:51	is key set false

2022-06-20T15:28:04.281+0530	INFO	server/module.go:40	starting catalog amazon server at 8080....

2022-06-20T15:28:18.899+0530	INFO	handler/module.go:30	recvd request for GetProduct
2022-06-20T15:28:18.899+0530	INFO	model/db.go:27	query db for product 1

2022-06-20T15:28:18.944+0530	INFO	model/db.go:32	reading record...
2022-06-20T15:28:18.945+0530	INFO	model/db.go:35	product name apple

2022-06-20T15:28:18.945+0530	INFO	handler/module.go:41	sent the success response....
2022-06-20T15:30:28.729+0530	INFO	server/module.go:57	stopping the server
2022-06-20T15:32:39.095+0530	INFO	config/module.go:67	intializing config reader...
2022-06-20T15:32:39.096+0530	INFO	config/module.go:69	adding config path ./resources

2022-06-20T15:32:39.097+0530	INFO	config/module.go:69	adding config path ../resources

2022-06-20T15:32:39.097+0530	INFO	config/module.go:69	adding config path .

2022-06-20T15:32:39.097+0530	INFO	config/module.go:78	started config successfully...
2022-06-20T15:32:39.097+0530	INFO	model/module.go:18	initializing catalog...postgres

2022-06-20T15:32:39.097+0530	INFO	model/module.go:30	port=5432 user=postgres password=postgres dbname=postgres sslmode=disable
2022-06-20T15:32:39.097+0530	INFO	model/module.go:38	DB Initialized &{0 {port=5432 user=postgres password=postgres dbname=postgres sslmode=disable 0x1842838} 0 {0 0} [] map[] 0 0 0xc000200540 false map[] map[] 0 0 0 0 <nil> 0 0 0 0 0x100dc80}
2022-06-20T15:32:39.098+0530	INFO	config/module.go:51	is key set true

2022-06-20T15:32:39.098+0530	INFO	config/module.go:53	found key server.port value 8080

2022-06-20T15:32:39.098+0530	INFO	config/module.go:51	is key set false

2022-06-20T15:32:39.098+0530	INFO	config/module.go:51	is key set false

2022-06-20T15:32:39.098+0530	INFO	config/module.go:51	is key set false

2022-06-20T15:32:39.098+0530	INFO	server/module.go:40	starting catalog amazon server at 8080....

2022-06-20T15:32:43.553+0530	INFO	model/db.go:58	getting all products
2022-06-20T15:32:43.596+0530	INFO	model/db.go:63	getting all products
2022-06-20T15:32:43.596+0530	INFO	model/db.go:70	getting all products
2022-06-20T15:33:35.729+0530	INFO	model/db.go:58	getting all products
2022-06-20T15:33:35.729+0530	INFO	model/db.go:63	getting all products
2022-06-20T15:33:35.729+0530	INFO	model/db.go:70	getting all products
2022-06-20T15:37:20.042+0530	INFO	server/module.go:57	stopping the server
2022-06-20T17:34:20.564+0530	INFO	config/module.go:67	intializing config reader...
2022-06-20T17:34:20.565+0530	INFO	config/module.go:69	adding config path ./resources

2022-06-20T17:34:20.565+0530	INFO	config/module.go:69	adding config path ../resources

2022-06-20T17:34:20.565+0530	INFO	config/module.go:69	adding config path .

2022-06-20T17:34:20.566+0530	INFO	config/module.go:78	started config successfully...
2022-06-20T17:34:20.567+0530	INFO	model/module.go:18	initializing catalog...postgres

2022-06-20T17:34:20.567+0530	INFO	model/module.go:30	port=5432 user=postgres password=postgres dbname=postgres sslmode=disable
2022-06-20T17:34:20.567+0530	INFO	model/module.go:38	DB Initialized &{0 {port=5432 user=postgres password=postgres dbname=postgres sslmode=disable 0x17328b8} 0 {0 0} [] map[] 0 0 0xc000280540 false map[] map[] 0 0 0 0 <nil> 0 0 0 0 0xefdc80}
2022-06-20T17:34:20.569+0530	INFO	config/module.go:51	is key set true

2022-06-20T17:34:20.569+0530	INFO	config/module.go:53	found key server.port value 8080

2022-06-20T17:34:20.569+0530	INFO	config/module.go:51	is key set false

2022-06-20T17:34:20.569+0530	INFO	config/module.go:51	is key set false

2022-06-20T17:34:20.569+0530	INFO	config/module.go:51	is key set false

2022-06-20T17:34:20.569+0530	INFO	server/module.go:40	starting catalog amazon server at 8080....

2022-06-20T17:34:25.736+0530	INFO	server/module.go:57	stopping the server
2022-06-20T17:47:50.760+0530	INFO	config/module.go:67	intializing config reader...
2022-06-20T17:47:50.761+0530	INFO	config/module.go:69	adding config path ./resources

2022-06-20T17:47:50.761+0530	INFO	config/module.go:69	adding config path ../resources

2022-06-20T17:47:50.761+0530	INFO	config/module.go:69	adding config path .

2022-06-20T17:47:50.762+0530	INFO	config/module.go:78	started config successfully...
2022-06-20T17:47:50.762+0530	INFO	model/module.go:18	initializing catalog...postgres

2022-06-20T17:47:50.762+0530	INFO	model/module.go:30	port=5432 user=postgres password=postgres dbname=postgres sslmode=disable
2022-06-20T17:47:50.762+0530	INFO	model/module.go:38	DB Initialized &{0 {port=5432 user=postgres password=postgres dbname=postgres sslmode=disable 0xcb2838} 0 {0 0} [] map[] 0 0 0xc000280540 false map[] map[] 0 0 0 0 <nil> 0 0 0 0 0x47dc80}
2022-06-20T17:47:50.762+0530	INFO	config/module.go:51	is key set true

2022-06-20T17:47:50.762+0530	INFO	config/module.go:53	found key server.port value 8080

2022-06-20T17:47:50.762+0530	INFO	config/module.go:51	is key set false

2022-06-20T17:47:50.762+0530	INFO	config/module.go:51	is key set false

2022-06-20T17:47:50.762+0530	INFO	config/module.go:51	is key set false

2022-06-20T17:47:50.762+0530	INFO	server/module.go:40	starting catalog amazon server at 8080....

2022-06-20T17:47:56.872+0530	INFO	server/module.go:57	stopping the server
2022-06-20T17:50:13.115+0530	INFO	config@v0.0.0-20220620110644-35559b7aff70/module.go:67	intializing config reader...
2022-06-20T17:50:13.116+0530	INFO	config@v0.0.0-20220620110644-35559b7aff70/module.go:69	adding config path ./resources

2022-06-20T17:50:13.117+0530	INFO	config@v0.0.0-20220620110644-35559b7aff70/module.go:69	adding config path ../resources

2022-06-20T17:50:13.117+0530	INFO	config@v0.0.0-20220620110644-35559b7aff70/module.go:69	adding config path .

2022-06-20T17:50:13.121+0530	INFO	config@v0.0.0-20220620110644-35559b7aff70/module.go:78	started config successfully...
2022-06-20T17:50:13.122+0530	INFO	model/module.go:18	initializing catalog...postgres

2022-06-20T17:50:13.122+0530	INFO	model/module.go:30	port=5432 user=postgres password=postgres dbname=postgres sslmode=disable
2022-06-20T17:50:13.122+0530	INFO	model/module.go:38	DB Initialized &{0 {port=5432 user=postgres password=postgres dbname=postgres sslmode=disable 0x14a2938} 0 {0 0} [] map[] 0 0 0xc0002805a0 false map[] map[] 0 0 0 0 <nil> 0 0 0 0 0xc6dc80}
2022-06-20T17:50:13.122+0530	INFO	config@v0.0.0-20220620110644-35559b7aff70/module.go:51	is key set true

2022-06-20T17:50:13.122+0530	INFO	config@v0.0.0-20220620110644-35559b7aff70/module.go:53	found key server.port value 8080

2022-06-20T17:50:13.122+0530	INFO	config@v0.0.0-20220620110644-35559b7aff70/module.go:51	is key set false

2022-06-20T17:50:13.122+0530	INFO	config@v0.0.0-20220620110644-35559b7aff70/module.go:51	is key set false

2022-06-20T17:50:13.122+0530	INFO	config@v0.0.0-20220620110644-35559b7aff70/module.go:51	is key set false

2022-06-20T17:50:13.122+0530	INFO	server/module.go:40	starting catalog amazon server at 8080....

2022-06-20T17:50:17.663+0530	INFO	server/module.go:57	stopping the server
2022-06-20T17:58:35.760+0530	INFO	config@v0.0.0-20220620110644-35559b7aff70/module.go:67	intializing config reader...
2022-06-20T17:58:35.761+0530	INFO	config@v0.0.0-20220620110644-35559b7aff70/module.go:69	adding config path ./resources

2022-06-20T17:58:35.761+0530	INFO	config@v0.0.0-20220620110644-35559b7aff70/module.go:69	adding config path ../resources

2022-06-20T17:58:35.761+0530	INFO	config@v0.0.0-20220620110644-35559b7aff70/module.go:69	adding config path .

2022-06-20T17:58:35.762+0530	INFO	config@v0.0.0-20220620110644-35559b7aff70/module.go:78	started config successfully...
2022-06-20T17:58:35.762+0530	INFO	model/module.go:18	initializing catalog...postgres

2022-06-20T17:58:35.762+0530	INFO	model/module.go:30	port=5432 user=postgres password=postgres dbname=postgres sslmode=disable
2022-06-20T17:58:35.762+0530	INFO	model/module.go:38	DB Initialized &{0 {port=5432 user=postgres password=postgres dbname=postgres sslmode=disable 0xfe2938} 0 {0 0} [] map[] 0 0 0xc000068840 false map[] map[] 0 0 0 0 <nil> 0 0 0 0 0x7adc80}
2022-06-20T17:58:35.762+0530	INFO	config@v0.0.0-20220620110644-35559b7aff70/module.go:51	is key set true

2022-06-20T17:58:35.762+0530	INFO	config@v0.0.0-20220620110644-35559b7aff70/module.go:53	found key server.port value 8080

2022-06-20T17:58:35.762+0530	INFO	config@v0.0.0-20220620110644-35559b7aff70/module.go:51	is key set false

2022-06-20T17:58:35.762+0530	INFO	config@v0.0.0-20220620110644-35559b7aff70/module.go:51	is key set false

2022-06-20T17:58:35.762+0530	INFO	config@v0.0.0-20220620110644-35559b7aff70/module.go:51	is key set false

2022-06-20T17:58:35.762+0530	INFO	server/module.go:40	starting catalog amazon server at 8080....

2022-06-20T17:58:51.444+0530	INFO	server/module.go:57	stopping the server
